<?xml version="1.0" encoding="UTF-8"?>
<testng-results ignored="0" total="1" passed="1" failed="0" skipped="0">
  <reporter-output>
    <line>
      <![CDATA[Test Case Start Default test]]>
    </line>
    <line>
      <![CDATA[Test Case Started m1]]>
    </line>
    <line>
      <![CDATA[Test Case Success m1]]>
    </line>
  </reporter-output>
  <suite started-at="2024-02-07T14:02:51 IST" name="Default suite" finished-at="2024-02-07T14:03:19 IST" duration-ms="27250">
    <groups>
    </groups>
    <test started-at="2024-02-07T14:02:51 IST" name="Default test" finished-at="2024-02-07T14:03:19 IST" duration-ms="27250">
      <class name="tests.tc1">
        <test-method is-config="true" signature="bs()[pri:0, instance:tests.tc1@47af7f3d]" started-at="2024-02-07T14:02:51 IST" name="bs" finished-at="2024-02-07T14:02:51 IST" duration-ms="12" status="PASS">
          <reporter-output>
          </reporter-output>
        </test-method> <!-- bs -->
        <test-method is-config="true" signature="OpenChrome()[pri:0, instance:tests.tc1@47af7f3d]" started-at="2024-02-07T14:02:51 IST" name="OpenChrome" finished-at="2024-02-07T14:03:00 IST" duration-ms="8389" status="PASS">
          <reporter-output>
          </reporter-output>
        </test-method> <!-- OpenChrome -->
        <test-method is-config="true" signature="Login()[pri:0, instance:tests.tc1@47af7f3d]" started-at="2024-02-07T14:03:00 IST" name="Login" finished-at="2024-02-07T14:03:01 IST" duration-ms="1355" status="PASS">
          <reporter-output>
          </reporter-output>
        </test-method> <!-- Login -->
        <test-method signature="m1()[pri:0, instance:tests.tc1@47af7f3d]" started-at="2024-02-07T14:03:01 IST" name="m1" finished-at="2024-02-07T14:03:14 IST" duration-ms="12544" status="PASS">
          <reporter-output>
            <line>
              <![CDATA[Test Case Started m1]]>
            </line>
            <line>
              <![CDATA[Test Case Success m1]]>
            </line>
          </reporter-output>
        </test-method> <!-- m1 -->
        <test-method is-config="true" signature="Logout()[pri:0, instance:tests.tc1@47af7f3d]" started-at="2024-02-07T14:03:14 IST" name="Logout" finished-at="2024-02-07T14:03:18 IST" duration-ms="4758" status="PASS">
          <reporter-output>
          </reporter-output>
        </test-method> <!-- Logout -->
        <test-method is-config="true" signature="CloseChrome()[pri:0, instance:tests.tc1@47af7f3d]" started-at="2024-02-07T14:03:18 IST" name="CloseChrome" finished-at="2024-02-07T14:03:19 IST" duration-ms="155" status="PASS">
          <reporter-output>
          </reporter-output>
        </test-method> <!-- CloseChrome -->
        <test-method is-config="true" signature="as()[pri:0, instance:tests.tc1@47af7f3d]" started-at="2024-02-07T14:03:19 IST" name="as" finished-at="2024-02-07T14:03:19 IST" duration-ms="1" status="PASS">
          <reporter-output>
          </reporter-output>
        </test-method> <!-- as -->
      </class> <!-- tests.tc1 -->
    </test> <!-- Default test -->
  </suite> <!-- Default suite -->
</testng-results>
